Arguments: 
  D:\Dev\node\node.exe C:\Users\remco\AppData\Roaming\npm\node_modules\yarn\bin\yarn.js install

PATH: 
  C:\Program Files\Eclipse Adoptium\jdk-17.0.3.7-hotspot\bin;C:\Program Files (x86)\NVIDIA Corporation\PhysX\Common;C:\Program Files\Common Files\Oracle\Java\javapath;C:\Program Files (x86)\Common Files\Oracle\Java\javapath;C:\Python310\Scripts\;C:\Python310\;C:\Windows\system32;C:\Windows;C:\Windows\System32\Wbem;C:\Windows\System32\WindowsPowerShell\v1.0\;C:\Windows\System32\OpenSSH\;D:\Dev\Git\cmd;D:\Dev\node\;C:\ProgramData\chocolatey\bin;C:\Program Files\dotnet\;C:\Program Files\Docker\Docker\resources\bin;C:\ProgramData\DockerDesktop\version-bin;C:\Users\remco\AppData\Roaming\npm;D:\Dev\jdk-18.0.3\bin;D:\Dev\Microsoft VS Code\bin;D:\Dev\flutter_windows_2.10.3-stable\flutter\bin;C:\Users\Remco\AppData\Local\Android\Sdk\platform-tools;

Yarn version: 
  1.22.19

Node version: 
  16.14.0

Platform: 
  win32 x64

Trace: 
  TypeError: Invalid Version: 0.1
      at new SemVer (C:\Users\remco\AppData\Roaming\npm\node_modules\yarn\lib\cli.js:3512:11)
      at Range.module.exports.Range.test (C:\Users\remco\AppData\Roaming\npm\node_modules\yarn\lib\cli.js:4319:15)
      at Function.satisfies (C:\Users\remco\AppData\Roaming\npm\node_modules\yarn\lib\cli.js:4368:16)
      at WorkspaceLayout.getManifestByPattern (C:\Users\remco\AppData\Roaming\npm\node_modules\yarn\lib\cli.js:32313:31)
      at Function.isWorkspace (C:\Users\remco\AppData\Roaming\npm\node_modules\yarn\lib\cli.js:94298:51)
      at PackageRequest.<anonymous> (C:\Users\remco\AppData\Roaming\npm\node_modules\yarn\lib\cli.js:36680:76)
      at Generator.next (<anonymous>)
      at step (C:\Users\remco\AppData\Roaming\npm\node_modules\yarn\lib\cli.js:310:30)
      at C:\Users\remco\AppData\Roaming\npm\node_modules\yarn\lib\cli.js:328:14
      at new Promise (<anonymous>)

npm manifest: 
  {
      "name": "notes-mfes-starter",
      "private": true,
      "scripts": {
        "build": "yarn workspaces run build",
        "serve": "wsrun --parallel serve",
        "start": "concurrently \"wsrun --parallel start\" \"wsrun --parallel serve\""
      },
      "workspaces": [
        "packages/*"
      ],
      "devDependencies": {
        "concurrently": "^7.3.0",
        "wsrun": "^5.2.0"
      }
    }

yarn manifest: 
  No manifest

Lockfile: 
  No lockfile
